<?xml version="1.0" encoding="UTF-8"?>
<!-- Generated by org.testng.reporters.JUnitXMLReporter -->
<testsuite ignored="0" hostname="HARYAX" failures="0" tests="11" name="Test" time="152.786" errors="0" timestamp="2022-08-28T16:19:19 EDT">
  <testcase classname="com.td.qa.testdata.HomePageTest" name="HomePageTitleTest" time="0.027"/>
  <testcase classname="com.td.qa.testdata.HomePageTest" name="HeaderList" time="0.165"/>
  <testcase classname="com.td.qa.testdata.HomePageTest" name="DropDownList" time="8.926"/>
  <testcase classname="com.td.qa.testdata.HomePageTest" name="SelectedLanguagesList" time="2.735"/>
  <testcase classname="com.td.qa.testdata.HomePageTest" name="ServicesMenuList" time="0.4"/>
  <testcase classname="com.td.qa.testdata.HomePageTest" name="SearchSuggestionList" time="2.328"/>
  <testcase classname="com.td.qa.testdata.HomePageTest" name="EnterLoginpage" time="2.091"/>
  <testcase classname="com.td.qa.testdata.LoginPageTest" name="loginpagetitletest" time="0.022"/>
  <testcase classname="com.td.qa.testdata.LoginPageTest" name="LoginWrongEmailandPassword" time="2.787"/>
  <testcase classname="com.td.qa.testdata.LoginPageTest" name="LoginWithEmptyEmail" time="1.494"/>
  <testcase classname="com.td.qa.testdata.LoginPageTest" name="LoginWithEmptyPassword" time="1.451"/>
</testsuite> <!-- Test -->
