<?xml version="1.0" encoding="UTF-8"?>
<!-- Generated by org.testng.reporters.JUnitXMLReporter -->
<testsuite ignored="0" hostname="HARYAX" failures="0" tests="11" name="Test" time="104.228" errors="0" timestamp="2022-08-27T18:23:47 EDT">
  <testcase classname="com.td.qa.testdata.HomePageTest" name="HomePageTitleTest" time="0.007"/>
  <testcase classname="com.td.qa.testdata.HomePageTest" name="HeaderList" time="0.052"/>
  <testcase classname="com.td.qa.testdata.HomePageTest" name="DropDownList" time="8.594"/>
  <testcase classname="com.td.qa.testdata.HomePageTest" name="SelectedLanguagesList" time="2.483"/>
  <testcase classname="com.td.qa.testdata.HomePageTest" name="ServicesMenuList" time="0.145"/>
  <testcase classname="com.td.qa.testdata.HomePageTest" name="SearchSuggestionList" time="2.148"/>
  <testcase classname="com.td.qa.testdata.HomePageTest" name="EnterLoginpage" time="1.346"/>
  <testcase classname="com.td.qa.testdata.LoginPageTest" name="loginpagetitletest" time="0.004"/>
  <testcase classname="com.td.qa.testdata.LoginPageTest" name="LoginWrongEmailandPassword" time="1.584"/>
  <testcase classname="com.td.qa.testdata.LoginPageTest" name="LoginWithEmptyEmail" time="1.054"/>
  <testcase classname="com.td.qa.testdata.LoginPageTest" name="LoginWithEmptyPassword" time="0.806"/>
</testsuite> <!-- Test -->
