<?xml version="1.0" encoding="UTF-8"?>
<!-- Generated by org.testng.reporters.JUnitXMLReporter -->
<testsuite ignored="0" hostname="HARYAX" failures="0" tests="4" name="Default test" time="64.208" errors="0" timestamp="2022-08-27T15:17:39 EDT">
  <testcase classname="com.td.qa.testdata.LoginPageTest" name="loginpagetitletest" time="0.034"/>
  <testcase classname="com.td.qa.testdata.LoginPageTest" name="LoginWrongEmailandPassword" time="3.311"/>
  <testcase classname="com.td.qa.testdata.LoginPageTest" name="LoginWithEmptyEmail" time="2.057"/>
  <testcase classname="com.td.qa.testdata.LoginPageTest" name="LoginWithEmptyPassword" time="2.137"/>
</testsuite> <!-- Default test -->
